{"/Users/lupecamacho/Dev/dev-other/docs/docs/.vuepress/anchor-prefixes.js": {"path":"/Users/lupecamacho/Dev/dev-other/docs/docs/.vuepress/anchor-prefixes.js","statementMap":{"0":{"start":{"line":12,"column":0},"end":{"line":34,"column":2}}},"fnMap":{},"branchMap":{},"s":{"0":1},"f":{},"b":{},"_coverageSchema":"1a1c01bbd47fc00a2c39e90264f33305004495a9","hash":"e02dc599e342e3e017ccf96028d915dbe45cda75"}
,"/Users/lupecamacho/Dev/dev-other/docs/docs/.vuepress/theme/components/ColorModeSwitch.vue": {"path":"/Users/lupecamacho/Dev/dev-other/docs/docs/.vuepress/theme/components/ColorModeSwitch.vue","statementMap":{"0":{"start":{"line":63,"column":0},"end":{"line":83,"column":null}},"1":{"start":{"line":1,"column":0},"end":{"line":1,"column":null}}},"fnMap":{"0":{"name":"(anonymous_2)","decl":{"start":{"line":1,"column":0},"end":{"line":1,"column":null}},"loc":{"start":{"line":1,"column":0},"end":{"line":1,"column":null}}}},"branchMap":{},"s":{"0":1,"1":12},"f":{"0":3},"b":{}}
,"/Users/lupecamacho/Dev/dev-other/docs/docs/.vuepress/theme/util/replace-anchor-prefixes.js": {"path":"/Users/lupecamacho/Dev/dev-other/docs/docs/.vuepress/theme/util/replace-anchor-prefixes.js","statementMap":{"0":{"start":{"line":1,"column":19},"end":{"line":1,"column":51}},"1":{"start":{"line":2,"column":21},"end":{"line":2,"column":44}},"2":{"start":{"line":6,"column":2},"end":{"line":8,"column":3}},"3":{"start":{"line":7,"column":4},"end":{"line":7,"column":35}},"4":{"start":{"line":11,"column":2},"end":{"line":17,"column":3}},"5":{"start":{"line":12,"column":4},"end":{"line":14,"column":5}},"6":{"start":{"line":13,"column":6},"end":{"line":13,"column":36}},"7":{"start":{"line":16,"column":4},"end":{"line":16,"column":20}},"8":{"start":{"line":26,"column":2},"end":{"line":26,"column":34}},"9":{"start":{"line":29,"column":17},"end":{"line":29,"column":32}},"10":{"start":{"line":31,"column":2},"end":{"line":33,"column":3}},"11":{"start":{"line":32,"column":4},"end":{"line":32,"column":16}},"12":{"start":{"line":36,"column":16},"end":{"line":38,"column":4}},"13":{"start":{"line":37,"column":4},"end":{"line":37,"column":34}},"14":{"start":{"line":40,"column":2},"end":{"line":42,"column":3}},"15":{"start":{"line":41,"column":4},"end":{"line":41,"column":71}},"16":{"start":{"line":44,"column":2},"end":{"line":46,"column":3}},"17":{"start":{"line":45,"column":4},"end":{"line":45,"column":16}},"18":{"start":{"line":49,"column":25},"end":{"line":49,"column":45}},"19":{"start":{"line":51,"column":2},"end":{"line":54,"column":3}},"20":{"start":{"line":53,"column":4},"end":{"line":53,"column":16}},"21":{"start":{"line":57,"column":14},"end":{"line":57,"column":34}},"22":{"start":{"line":59,"column":2},"end":{"line":75,"column":3}},"23":{"start":{"line":60,"column":14},"end":{"line":60,"column":77}},"24":{"start":{"line":61,"column":15},"end":{"line":61,"column":23}},"25":{"start":{"line":63,"column":4},"end":{"line":72,"column":5}},"26":{"start":{"line":64,"column":6},"end":{"line":64,"column":16}},"27":{"start":{"line":65,"column":6},"end":{"line":69,"column":7}},"28":{"start":{"line":66,"column":8},"end":{"line":66,"column":25}},"29":{"start":{"line":67,"column":13},"end":{"line":69,"column":7}},"30":{"start":{"line":71,"column":6},"end":{"line":71,"column":59}},"31":{"start":{"line":74,"column":4},"end":{"line":74,"column":42}},"32":{"start":{"line":77,"column":2},"end":{"line":92,"column":3}},"33":{"start":{"line":79,"column":21},"end":{"line":79,"column":56}},"34":{"start":{"line":80,"column":14},"end":{"line":82,"column":66}},"35":{"start":{"line":83,"column":15},"end":{"line":83,"column":23}},"36":{"start":{"line":85,"column":4},"end":{"line":89,"column":5}},"37":{"start":{"line":86,"column":19},"end":{"line":86,"column":41}},"38":{"start":{"line":87,"column":6},"end":{"line":88,"column":84}},"39":{"start":{"line":91,"column":4},"end":{"line":91,"column":42}},"40":{"start":{"line":96,"column":2},"end":{"line":104,"column":3}},"41":{"start":{"line":97,"column":4},"end":{"line":100,"column":5}},"42":{"start":{"line":99,"column":6},"end":{"line":99,"column":170}},"43":{"start":{"line":103,"column":4},"end":{"line":103,"column":179}},"44":{"start":{"line":106,"column":2},"end":{"line":111,"column":3}},"45":{"start":{"line":108,"column":4},"end":{"line":108,"column":47}},"46":{"start":{"line":110,"column":4},"end":{"line":110,"column":16}},"47":{"start":{"line":113,"column":2},"end":{"line":122,"column":3}},"48":{"start":{"line":114,"column":4},"end":{"line":114,"column":44}},"49":{"start":{"line":115,"column":18},"end":{"line":115,"column":36}},"50":{"start":{"line":117,"column":4},"end":{"line":119,"column":5}},"51":{"start":{"line":118,"column":6},"end":{"line":118,"column":18}},"52":{"start":{"line":121,"column":4},"end":{"line":121,"column":46}},"53":{"start":{"line":124,"column":2},"end":{"line":126,"column":3}},"54":{"start":{"line":125,"column":4},"end":{"line":125,"column":59}},"55":{"start":{"line":129,"column":2},"end":{"line":129,"column":59}},"56":{"start":{"line":131,"column":2},"end":{"line":131,"column":14}},"57":{"start":{"line":139,"column":20},"end":{"line":139,"column":35}},"58":{"start":{"line":140,"column":2},"end":{"line":140,"column":59}},"59":{"start":{"line":148,"column":17},"end":{"line":148,"column":32}},"60":{"start":{"line":150,"column":16},"end":{"line":152,"column":4}},"61":{"start":{"line":151,"column":4},"end":{"line":151,"column":34}},"62":{"start":{"line":154,"column":2},"end":{"line":154,"column":26}},"63":{"start":{"line":162,"column":2},"end":{"line":162,"column":53}},"64":{"start":{"line":172,"column":25},"end":{"line":172,"column":64}},"65":{"start":{"line":173,"column":19},"end":{"line":173,"column":53}},"66":{"start":{"line":175,"column":2},"end":{"line":175,"column":40}},"67":{"start":{"line":183,"column":2},"end":{"line":183,"column":49}},"68":{"start":{"line":192,"column":10},"end":{"line":194,"column":3}},"69":{"start":{"line":196,"column":2},"end":{"line":198,"column":3}},"70":{"start":{"line":197,"column":4},"end":{"line":197,"column":11}},"71":{"start":{"line":200,"column":2},"end":{"line":205,"column":4}},"72":{"start":{"line":208,"column":0},"end":{"line":211,"column":2}}},"fnMap":{"0":{"name":"replacePrefixes","decl":{"start":{"line":4,"column":9},"end":{"line":4,"column":24}},"loc":{"start":{"line":4,"column":34},"end":{"line":18,"column":1}},"line":4},"1":{"name":"(anonymous_1)","decl":{"start":{"line":6,"column":21},"end":{"line":6,"column":22}},"loc":{"start":{"line":6,"column":28},"end":{"line":8,"column":3}},"line":6},"2":{"name":"(anonymous_2)","decl":{"start":{"line":11,"column":25},"end":{"line":11,"column":26}},"loc":{"start":{"line":11,"column":37},"end":{"line":17,"column":3}},"line":11},"3":{"name":"replacePrefix","decl":{"start":{"line":25,"column":9},"end":{"line":25,"column":22}},"loc":{"start":{"line":25,"column":34},"end":{"line":132,"column":1}},"line":25},"4":{"name":"(anonymous_4)","decl":{"start":{"line":36,"column":36},"end":{"line":36,"column":37}},"loc":{"start":{"line":36,"column":51},"end":{"line":38,"column":3}},"line":36},"5":{"name":"getPrefix","decl":{"start":{"line":138,"column":9},"end":{"line":138,"column":18}},"loc":{"start":{"line":138,"column":25},"end":{"line":141,"column":1}},"line":138},"6":{"name":"usesCustomPrefix","decl":{"start":{"line":147,"column":9},"end":{"line":147,"column":25}},"loc":{"start":{"line":147,"column":32},"end":{"line":155,"column":1}},"line":147},"7":{"name":"(anonymous_7)","decl":{"start":{"line":150,"column":36},"end":{"line":150,"column":37}},"loc":{"start":{"line":150,"column":51},"end":{"line":152,"column":3}},"line":150},"8":{"name":"slugifyClassName","decl":{"start":{"line":161,"column":9},"end":{"line":161,"column":25}},"loc":{"start":{"line":161,"column":37},"end":{"line":163,"column":1}},"line":161},"9":{"name":"pathifyClassName","decl":{"start":{"line":171,"column":9},"end":{"line":171,"column":25}},"loc":{"start":{"line":171,"column":60},"end":{"line":176,"column":1}},"line":171},"10":{"name":"removePrefix","decl":{"start":{"line":182,"column":9},"end":{"line":182,"column":21}},"loc":{"start":{"line":182,"column":28},"end":{"line":184,"column":1}},"line":182},"11":{"name":"parseReference","decl":{"start":{"line":191,"column":9},"end":{"line":191,"column":23}},"loc":{"start":{"line":191,"column":30},"end":{"line":206,"column":1}},"line":191}},"branchMap":{"0":{"loc":{"start":{"line":12,"column":4},"end":{"line":14,"column":5}},"type":"if","locations":[{"start":{"line":12,"column":4},"end":{"line":14,"column":5}},{"start":{},"end":{}}],"line":12},"1":{"loc":{"start":{"line":31,"column":2},"end":{"line":33,"column":3}},"type":"if","locations":[{"start":{"line":31,"column":2},"end":{"line":33,"column":3}},{"start":{},"end":{}}],"line":31},"2":{"loc":{"start":{"line":40,"column":2},"end":{"line":42,"column":3}},"type":"if","locations":[{"start":{"line":40,"column":2},"end":{"line":42,"column":3}},{"start":{},"end":{}}],"line":40},"3":{"loc":{"start":{"line":40,"column":6},"end":{"line":40,"column":45}},"type":"binary-expr","locations":[{"start":{"line":40,"column":6},"end":{"line":40,"column":22}},{"start":{"line":40,"column":26},"end":{"line":40,"column":45}}],"line":40},"4":{"loc":{"start":{"line":44,"column":2},"end":{"line":46,"column":3}},"type":"if","locations":[{"start":{"line":44,"column":2},"end":{"line":46,"column":3}},{"start":{},"end":{}}],"line":44},"5":{"loc":{"start":{"line":44,"column":6},"end":{"line":44,"column":34}},"type":"binary-expr","locations":[{"start":{"line":44,"column":6},"end":{"line":44,"column":12}},{"start":{"line":44,"column":16},"end":{"line":44,"column":34}}],"line":44},"6":{"loc":{"start":{"line":51,"column":2},"end":{"line":54,"column":3}},"type":"if","locations":[{"start":{"line":51,"column":2},"end":{"line":54,"column":3}},{"start":{},"end":{}}],"line":51},"7":{"loc":{"start":{"line":59,"column":2},"end":{"line":75,"column":3}},"type":"if","locations":[{"start":{"line":59,"column":2},"end":{"line":75,"column":3}},{"start":{},"end":{}}],"line":59},"8":{"loc":{"start":{"line":59,"column":6},"end":{"line":59,"column":49}},"type":"binary-expr","locations":[{"start":{"line":59,"column":6},"end":{"line":59,"column":9}},{"start":{"line":59,"column":13},"end":{"line":59,"column":49}}],"line":59},"9":{"loc":{"start":{"line":63,"column":4},"end":{"line":72,"column":5}},"type":"if","locations":[{"start":{"line":63,"column":4},"end":{"line":72,"column":5}},{"start":{},"end":{}}],"line":63},"10":{"loc":{"start":{"line":65,"column":6},"end":{"line":69,"column":7}},"type":"if","locations":[{"start":{"line":65,"column":6},"end":{"line":69,"column":7}},{"start":{"line":67,"column":13},"end":{"line":69,"column":7}}],"line":65},"11":{"loc":{"start":{"line":67,"column":13},"end":{"line":69,"column":7}},"type":"if","locations":[{"start":{"line":67,"column":13},"end":{"line":69,"column":7}},{"start":{},"end":{}}],"line":67},"12":{"loc":{"start":{"line":74,"column":18},"end":{"line":74,"column":40}},"type":"cond-expr","locations":[{"start":{"line":74,"column":25},"end":{"line":74,"column":35}},{"start":{"line":74,"column":38},"end":{"line":74,"column":40}}],"line":74},"13":{"loc":{"start":{"line":77,"column":2},"end":{"line":92,"column":3}},"type":"if","locations":[{"start":{"line":77,"column":2},"end":{"line":92,"column":3}},{"start":{},"end":{}}],"line":77},"14":{"loc":{"start":{"line":77,"column":6},"end":{"line":77,"column":44}},"type":"binary-expr","locations":[{"start":{"line":77,"column":6},"end":{"line":77,"column":9}},{"start":{"line":77,"column":13},"end":{"line":77,"column":44}}],"line":77},"15":{"loc":{"start":{"line":80,"column":14},"end":{"line":82,"column":66}},"type":"cond-expr","locations":[{"start":{"line":81,"column":8},"end":{"line":81,"column":48}},{"start":{"line":82,"column":8},"end":{"line":82,"column":66}}],"line":80},"16":{"loc":{"start":{"line":85,"column":4},"end":{"line":89,"column":5}},"type":"if","locations":[{"start":{"line":85,"column":4},"end":{"line":89,"column":5}},{"start":{},"end":{}}],"line":85},"17":{"loc":{"start":{"line":86,"column":19},"end":{"line":86,"column":41}},"type":"cond-expr","locations":[{"start":{"line":86,"column":32},"end":{"line":86,"column":34}},{"start":{"line":86,"column":37},"end":{"line":86,"column":41}}],"line":86},"18":{"loc":{"start":{"line":88,"column":9},"end":{"line":88,"column":70}},"type":"cond-expr","locations":[{"start":{"line":88,"column":24},"end":{"line":88,"column":49}},{"start":{"line":88,"column":52},"end":{"line":88,"column":70}}],"line":88},"19":{"loc":{"start":{"line":91,"column":18},"end":{"line":91,"column":40}},"type":"cond-expr","locations":[{"start":{"line":91,"column":25},"end":{"line":91,"column":35}},{"start":{"line":91,"column":38},"end":{"line":91,"column":40}}],"line":91},"20":{"loc":{"start":{"line":96,"column":2},"end":{"line":104,"column":3}},"type":"if","locations":[{"start":{"line":96,"column":2},"end":{"line":104,"column":3}},{"start":{},"end":{}}],"line":96},"21":{"loc":{"start":{"line":96,"column":6},"end":{"line":96,"column":47}},"type":"binary-expr","locations":[{"start":{"line":96,"column":6},"end":{"line":96,"column":9}},{"start":{"line":96,"column":13},"end":{"line":96,"column":47}}],"line":96},"22":{"loc":{"start":{"line":97,"column":4},"end":{"line":100,"column":5}},"type":"if","locations":[{"start":{"line":97,"column":4},"end":{"line":100,"column":5}},{"start":{},"end":{}}],"line":97},"23":{"loc":{"start":{"line":106,"column":2},"end":{"line":111,"column":3}},"type":"if","locations":[{"start":{"line":106,"column":2},"end":{"line":111,"column":3}},{"start":{},"end":{}}],"line":106},"24":{"loc":{"start":{"line":113,"column":2},"end":{"line":122,"column":3}},"type":"if","locations":[{"start":{"line":113,"column":2},"end":{"line":122,"column":3}},{"start":{},"end":{}}],"line":113},"25":{"loc":{"start":{"line":117,"column":4},"end":{"line":119,"column":5}},"type":"if","locations":[{"start":{"line":117,"column":4},"end":{"line":119,"column":5}},{"start":{},"end":{}}],"line":117},"26":{"loc":{"start":{"line":124,"column":2},"end":{"line":126,"column":3}},"type":"if","locations":[{"start":{"line":124,"column":2},"end":{"line":126,"column":3}},{"start":{},"end":{}}],"line":124},"27":{"loc":{"start":{"line":140,"column":9},"end":{"line":140,"column":58}},"type":"cond-expr","locations":[{"start":{"line":140,"column":34},"end":{"line":140,"column":43}},{"start":{"line":140,"column":46},"end":{"line":140,"column":58}}],"line":140},"28":{"loc":{"start":{"line":196,"column":2},"end":{"line":198,"column":3}},"type":"if","locations":[{"start":{"line":196,"column":2},"end":{"line":198,"column":3}},{"start":{},"end":{}}],"line":196}},"s":{"0":1,"1":1,"2":0,"3":0,"4":0,"5":0,"6":0,"7":0,"8":13,"9":13,"10":13,"11":0,"12":13,"13":260,"14":13,"15":0,"16":13,"17":2,"18":11,"19":11,"20":0,"21":11,"22":11,"23":7,"24":7,"25":7,"26":4,"27":4,"28":2,"29":2,"30":4,"31":7,"32":4,"33":2,"34":2,"35":2,"36":2,"37":2,"38":2,"39":2,"40":2,"41":0,"42":0,"43":0,"44":2,"45":0,"46":0,"47":2,"48":1,"49":0,"50":0,"51":0,"52":0,"53":1,"54":0,"55":1,"56":1,"57":24,"58":24,"59":0,"60":0,"61":0,"62":0,"63":8,"64":0,"65":0,"66":0,"67":11,"68":11,"69":11,"70":1,"71":10,"72":1},"f":{"0":0,"1":0,"2":0,"3":13,"4":260,"5":24,"6":0,"7":0,"8":8,"9":0,"10":11,"11":11},"b":{"0":[0,0],"1":[0,13],"2":[0,13],"3":[13,13],"4":[2,11],"5":[13,13],"6":[0,11],"7":[7,4],"8":[11,10],"9":[4,3],"10":[2,2],"11":[1,1],"12":[4,3],"13":[2,2],"14":[4,3],"15":[1,1],"16":[2,0],"17":[1,1],"18":[2,0],"19":[2,0],"20":[0,2],"21":[2,1],"22":[0,0],"23":[0,2],"24":[1,1],"25":[0,0],"26":[0,1],"27":[0,24],"28":[1,10]},"_coverageSchema":"1a1c01bbd47fc00a2c39e90264f33305004495a9","hash":"6066f86be1f8b071a3065cb82448b1aa2019985d"}
}
