TN:
SF:docs/.vuepress/anchor-prefixes.js
FNF:0
FNH:0
DA:12,1
LF:1
LH:1
BRF:0
BRH:0
end_of_record
TN:
SF:docs/.vuepress/theme/components/ColorModeSwitch.vue
FN:1,(anonymous_2)
FNF:1
FNH:1
FNDA:3,(anonymous_2)
DA:1,12
DA:63,1
LF:2
LH:2
BRF:0
BRH:0
end_of_record
TN:
SF:docs/.vuepress/theme/util/replace-anchor-prefixes.js
FN:4,replacePrefixes
FN:6,(anonymous_1)
FN:11,(anonymous_2)
FN:25,replacePrefix
FN:36,(anonymous_4)
FN:138,getPrefix
FN:147,usesCustomPrefix
FN:150,(anonymous_7)
FN:161,slugifyClassName
FN:171,pathifyClassName
FN:182,removePrefix
FN:191,parseReference
FNF:12
FNH:6
FNDA:0,replacePrefixes
FNDA:0,(anonymous_1)
FNDA:0,(anonymous_2)
FNDA:13,replacePrefix
FNDA:260,(anonymous_4)
FNDA:24,getPrefix
FNDA:0,usesCustomPrefix
FNDA:0,(anonymous_7)
FNDA:8,slugifyClassName
FNDA:0,pathifyClassName
FNDA:11,removePrefix
FNDA:11,parseReference
DA:1,1
DA:2,1
DA:6,0
DA:7,0
DA:11,0
DA:12,0
DA:13,0
DA:16,0
DA:26,13
DA:29,13
DA:31,13
DA:32,0
DA:36,13
DA:37,260
DA:40,13
DA:41,0
DA:44,13
DA:45,2
DA:49,11
DA:51,11
DA:53,0
DA:57,11
DA:59,11
DA:60,7
DA:61,7
DA:63,7
DA:64,4
DA:65,4
DA:66,2
DA:67,2
DA:71,4
DA:74,7
DA:77,4
DA:79,2
DA:80,2
DA:83,2
DA:85,2
DA:86,2
DA:87,2
DA:91,2
DA:96,2
DA:97,0
DA:99,0
DA:103,0
DA:106,2
DA:108,0
DA:110,0
DA:113,2
DA:114,1
DA:115,0
DA:117,0
DA:118,0
DA:121,0
DA:124,1
DA:125,0
DA:129,1
DA:131,1
DA:139,24
DA:140,24
DA:148,0
DA:150,0
DA:151,0
DA:154,0
DA:162,8
DA:172,0
DA:173,0
DA:175,0
DA:183,11
DA:192,11
DA:196,11
DA:197,1
DA:200,10
DA:208,1
LF:73
LH:47
BRDA:12,0,0,0
BRDA:12,0,1,0
BRDA:31,1,0,0
BRDA:31,1,1,13
BRDA:40,2,0,0
BRDA:40,2,1,13
BRDA:40,3,0,13
BRDA:40,3,1,13
BRDA:44,4,0,2
BRDA:44,4,1,11
BRDA:44,5,0,13
BRDA:44,5,1,13
BRDA:51,6,0,0
BRDA:51,6,1,11
BRDA:59,7,0,7
BRDA:59,7,1,4
BRDA:59,8,0,11
BRDA:59,8,1,10
BRDA:63,9,0,4
BRDA:63,9,1,3
BRDA:65,10,0,2
BRDA:65,10,1,2
BRDA:67,11,0,1
BRDA:67,11,1,1
BRDA:74,12,0,4
BRDA:74,12,1,3
BRDA:77,13,0,2
BRDA:77,13,1,2
BRDA:77,14,0,4
BRDA:77,14,1,3
BRDA:80,15,0,1
BRDA:80,15,1,1
BRDA:85,16,0,2
BRDA:85,16,1,0
BRDA:86,17,0,1
BRDA:86,17,1,1
BRDA:88,18,0,2
BRDA:88,18,1,0
BRDA:91,19,0,2
BRDA:91,19,1,0
BRDA:96,20,0,0
BRDA:96,20,1,2
BRDA:96,21,0,2
BRDA:96,21,1,1
BRDA:97,22,0,0
BRDA:97,22,1,0
BRDA:106,23,0,0
BRDA:106,23,1,2
BRDA:113,24,0,1
BRDA:113,24,1,1
BRDA:117,25,0,0
BRDA:117,25,1,0
BRDA:124,26,0,0
BRDA:124,26,1,1
BRDA:140,27,0,0
BRDA:140,27,1,24
BRDA:196,28,0,1
BRDA:196,28,1,10
BRF:58
BRH:42
end_of_record
